[31merror[39m: [SbEvent] uncaughtException: connection 2 to 18.233.46.9:27017 closed 
{
  date: [32m'Wed Nov 02 2022 21:36:24 GMT-0400 (Eastern Daylight Time)'[39m,
  process: {
    pid: [33m74002[39m,
    uid: [33m501[39m,
    gid: [33m20[39m,
    cwd: [32m'/Users/derekschaadt/Documents/6.1040/a5-frontend'[39m,
    execPath: [32m'/usr/local/bin/node'[39m,
    version: [32m'v16.13.2'[39m,
    argv: [
      [32m'/Users/derekschaadt/Documents/6.1040/a5-frontend/node_modules/.bin/ts-node'[39m,
      [32m'/Users/derekschaadt/Documents/6.1040/a5-frontend/api/index.ts'[39m
    ],
    memoryUsage: {
      rss: [33m300056576[39m,
      heapTotal: [33m210305024[39m,
      heapUsed: [33m205886424[39m,
      external: [33m23274664[39m,
      arrayBuffers: [33m20110174[39m
    }
  },
  os: {
    loadavg: [ [33m2.044921875[39m, [33m2.30078125[39m, [33m2.41748046875[39m ],
    uptime: [33m1113669[39m
  },
  trace: [
    {
      column: [33m13[39m,
      file: [32m'/Users/derekschaadt/Documents/6.1040/a5-frontend/node_modules/mongodb/src/cmap/connection.ts'[39m,
      function: [32m'Connection.onClose'[39m,
      line: [33m353[39m,
      method: [32m'onClose'[39m,
      native: [33mfalse[39m
    },
    {
      column: [33m42[39m,
      file: [32m'/Users/derekschaadt/Documents/6.1040/a5-frontend/node_modules/mongodb/src/cmap/connection.ts'[39m,
      function: [1mnull[22m,
      line: [33m258[39m,
      method: [1mnull[22m,
      native: [33mfalse[39m
    },
    {
      column: [33m28[39m,
      file: [32m'node:events'[39m,
      function: [32m'TLSSocket.emit'[39m,
      line: [33m390[39m,
      method: [32m'emit'[39m,
      native: [33mfalse[39m
    },
    {
      column: [33m12[39m,
      file: [32m'node:domain'[39m,
      function: [32m'TLSSocket.emit'[39m,
      line: [33m475[39m,
      method: [32m'emit'[39m,
      native: [33mfalse[39m
    },
    {
      column: [33m12[39m,
      file: [32m'node:net'[39m,
      function: [1mnull[22m,
      line: [33m687[39m,
      method: [1mnull[22m,
      native: [33mfalse[39m
    },
    {
      column: [33m7[39m,
      file: [32m'node:_tls_wrap'[39m,
      function: [32m'TCP.done'[39m,
      line: [33m580[39m,
      method: [32m'done'[39m,
      native: [33mfalse[39m
    }
  ],
  stack: [
    [32m'MongoNetworkError: connection 2 to 18.233.46.9:27017 closed'[39m,
    [32m'    at Connection.onClose (/Users/derekschaadt/Documents/6.1040/a5-frontend/node_modules/mongodb/src/cmap/connection.ts:353:13)'[39m,
    [32m'    at TLSSocket.<anonymous> (/Users/derekschaadt/Documents/6.1040/a5-frontend/node_modules/mongodb/src/cmap/connection.ts:258:42)'[39m,
    [32m'    at TLSSocket.emit (node:events:390:28)'[39m,
    [32m'    at TLSSocket.emit (node:domain:475:12)'[39m,
    [32m'    at node:net:687:12'[39m,
    [32m'    at TCP.done (node:_tls_wrap:580:7)'[39m
  ]
}
[31merror[39m: [CreateMappingConfig] uncaughtException: connection 2 to 18.233.46.9:27017 closed 
{
  date: [32m'Wed Nov 02 2022 21:36:24 GMT-0400 (Eastern Daylight Time)'[39m,
  process: {
    pid: [33m74002[39m,
    uid: [33m501[39m,
    gid: [33m20[39m,
    cwd: [32m'/Users/derekschaadt/Documents/6.1040/a5-frontend'[39m,
    execPath: [32m'/usr/local/bin/node'[39m,
    version: [32m'v16.13.2'[39m,
    argv: [
      [32m'/Users/derekschaadt/Documents/6.1040/a5-frontend/node_modules/.bin/ts-node'[39m,
      [32m'/Users/derekschaadt/Documents/6.1040/a5-frontend/api/index.ts'[39m
    ],
    memoryUsage: {
      rss: [33m299827200[39m,
      heapTotal: [33m210042880[39m,
      heapUsed: [33m205355200[39m,
      external: [33m23240339[39m,
      arrayBuffers: [33m20153091[39m
    }
  },
  os: {
    loadavg: [ [33m2.044921875[39m, [33m2.30078125[39m, [33m2.41748046875[39m ],
    uptime: [33m1113669[39m
  },
  trace: [
    {
      column: [33m13[39m,
      file: [32m'/Users/derekschaadt/Documents/6.1040/a5-frontend/node_modules/mongodb/src/cmap/connection.ts'[39m,
      function: [32m'Connection.onClose'[39m,
      line: [33m353[39m,
      method: [32m'onClose'[39m,
      native: [33mfalse[39m
    },
    {
      column: [33m42[39m,
      file: [32m'/Users/derekschaadt/Documents/6.1040/a5-frontend/node_modules/mongodb/src/cmap/connection.ts'[39m,
      function: [1mnull[22m,
      line: [33m258[39m,
      method: [1mnull[22m,
      native: [33mfalse[39m
    },
    {
      column: [33m28[39m,
      file: [32m'node:events'[39m,
      function: [32m'TLSSocket.emit'[39m,
      line: [33m390[39m,
      method: [32m'emit'[39m,
      native: [33mfalse[39m
    },
    {
      column: [33m12[39m,
      file: [32m'node:domain'[39m,
      function: [32m'TLSSocket.emit'[39m,
      line: [33m475[39m,
      method: [32m'emit'[39m,
      native: [33mfalse[39m
    },
    {
      column: [33m12[39m,
      file: [32m'node:net'[39m,
      function: [1mnull[22m,
      line: [33m687[39m,
      method: [1mnull[22m,
      native: [33mfalse[39m
    },
    {
      column: [33m7[39m,
      file: [32m'node:_tls_wrap'[39m,
      function: [32m'TCP.done'[39m,
      line: [33m580[39m,
      method: [32m'done'[39m,
      native: [33mfalse[39m
    }
  ],
  stack: [
    [32m'MongoNetworkError: connection 2 to 18.233.46.9:27017 closed'[39m,
    [32m'    at Connection.onClose (/Users/derekschaadt/Documents/6.1040/a5-frontend/node_modules/mongodb/src/cmap/connection.ts:353:13)'[39m,
    [32m'    at TLSSocket.<anonymous> (/Users/derekschaadt/Documents/6.1040/a5-frontend/node_modules/mongodb/src/cmap/connection.ts:258:42)'[39m,
    [32m'    at TLSSocket.emit (node:events:390:28)'[39m,
    [32m'    at TLSSocket.emit (node:domain:475:12)'[39m,
    [32m'    at node:net:687:12'[39m,
    [32m'    at TCP.done (node:_tls_wrap:580:7)'[39m
  ]
}
[31merror[39m: [Helper] uncaughtException: connection 2 to 18.233.46.9:27017 closed 
{
  date: [32m'Wed Nov 02 2022 21:36:24 GMT-0400 (Eastern Daylight Time)'[39m,
  process: {
    pid: [33m74002[39m,
    uid: [33m501[39m,
    gid: [33m20[39m,
    cwd: [32m'/Users/derekschaadt/Documents/6.1040/a5-frontend'[39m,
    execPath: [32m'/usr/local/bin/node'[39m,
    version: [32m'v16.13.2'[39m,
    argv: [
      [32m'/Users/derekschaadt/Documents/6.1040/a5-frontend/node_modules/.bin/ts-node'[39m,
      [32m'/Users/derekschaadt/Documents/6.1040/a5-frontend/api/index.ts'[39m
    ],
    memoryUsage: {
      rss: [33m299958272[39m,
      heapTotal: [33m210305024[39m,
      heapUsed: [33m205807680[39m,
      external: [33m23274664[39m,
      arrayBuffers: [33m20110174[39m
    }
  },
  os: {
    loadavg: [ [33m2.044921875[39m, [33m2.30078125[39m, [33m2.41748046875[39m ],
    uptime: [33m1113669[39m
  },
  trace: [
    {
      column: [33m13[39m,
      file: [32m'/Users/derekschaadt/Documents/6.1040/a5-frontend/node_modules/mongodb/src/cmap/connection.ts'[39m,
      function: [32m'Connection.onClose'[39m,
      line: [33m353[39m,
      method: [32m'onClose'[39m,
      native: [33mfalse[39m
    },
    {
      column: [33m42[39m,
      file: [32m'/Users/derekschaadt/Documents/6.1040/a5-frontend/node_modules/mongodb/src/cmap/connection.ts'[39m,
      function: [1mnull[22m,
      line: [33m258[39m,
      method: [1mnull[22m,
      native: [33mfalse[39m
    },
    {
      column: [33m28[39m,
      file: [32m'node:events'[39m,
      function: [32m'TLSSocket.emit'[39m,
      line: [33m390[39m,
      method: [32m'emit'[39m,
      native: [33mfalse[39m
    },
    {
      column: [33m12[39m,
      file: [32m'node:domain'[39m,
      function: [32m'TLSSocket.emit'[39m,
      line: [33m475[39m,
      method: [32m'emit'[39m,
      native: [33mfalse[39m
    },
    {
      column: [33m12[39m,
      file: [32m'node:net'[39m,
      function: [1mnull[22m,
      line: [33m687[39m,
      method: [1mnull[22m,
      native: [33mfalse[39m
    },
    {
      column: [33m7[39m,
      file: [32m'node:_tls_wrap'[39m,
      function: [32m'TCP.done'[39m,
      line: [33m580[39m,
      method: [32m'done'[39m,
      native: [33mfalse[39m
    }
  ],
  stack: [
    [32m'MongoNetworkError: connection 2 to 18.233.46.9:27017 closed'[39m,
    [32m'    at Connection.onClose (/Users/derekschaadt/Documents/6.1040/a5-frontend/node_modules/mongodb/src/cmap/connection.ts:353:13)'[39m,
    [32m'    at TLSSocket.<anonymous> (/Users/derekschaadt/Documents/6.1040/a5-frontend/node_modules/mongodb/src/cmap/connection.ts:258:42)'[39m,
    [32m'    at TLSSocket.emit (node:events:390:28)'[39m,
    [32m'    at TLSSocket.emit (node:domain:475:12)'[39m,
    [32m'    at node:net:687:12'[39m,
    [32m'    at TCP.done (node:_tls_wrap:580:7)'[39m
  ]
}
[31merror[39m: [ExitHandler] uncaughtException: connection 2 to 18.233.46.9:27017 closed 
{
  date: [32m'Wed Nov 02 2022 21:36:24 GMT-0400 (Eastern Daylight Time)'[39m,
  process: {
    pid: [33m74002[39m,
    uid: [33m501[39m,
    gid: [33m20[39m,
    cwd: [32m'/Users/derekschaadt/Documents/6.1040/a5-frontend'[39m,
    execPath: [32m'/usr/local/bin/node'[39m,
    version: [32m'v16.13.2'[39m,
    argv: [
      [32m'/Users/derekschaadt/Documents/6.1040/a5-frontend/node_modules/.bin/ts-node'[39m,
      [32m'/Users/derekschaadt/Documents/6.1040/a5-frontend/api/index.ts'[39m
    ],
    memoryUsage: {
      rss: [33m300130304[39m,
      heapTotal: [33m210305024[39m,
      heapUsed: [33m205965160[39m,
      external: [33m23274664[39m,
      arrayBuffers: [33m20110174[39m
    }
  },
  os: {
    loadavg: [ [33m2.044921875[39m, [33m2.30078125[39m, [33m2.41748046875[39m ],
    uptime: [33m1113669[39m
  },
  trace: [
    {
      column: [33m13[39m,
      file: [32m'/Users/derekschaadt/Documents/6.1040/a5-frontend/node_modules/mongodb/src/cmap/connection.ts'[39m,
      function: [32m'Connection.onClose'[39m,
      line: [33m353[39m,
      method: [32m'onClose'[39m,
      native: [33mfalse[39m
    },
    {
      column: [33m42[39m,
      file: [32m'/Users/derekschaadt/Documents/6.1040/a5-frontend/node_modules/mongodb/src/cmap/connection.ts'[39m,
      function: [1mnull[22m,
      line: [33m258[39m,
      method: [1mnull[22m,
      native: [33mfalse[39m
    },
    {
      column: [33m28[39m,
      file: [32m'node:events'[39m,
      function: [32m'TLSSocket.emit'[39m,
      line: [33m390[39m,
      method: [32m'emit'[39m,
      native: [33mfalse[39m
    },
    {
      column: [33m12[39m,
      file: [32m'node:domain'[39m,
      function: [32m'TLSSocket.emit'[39m,
      line: [33m475[39m,
      method: [32m'emit'[39m,
      native: [33mfalse[39m
    },
    {
      column: [33m12[39m,
      file: [32m'node:net'[39m,
      function: [1mnull[22m,
      line: [33m687[39m,
      method: [1mnull[22m,
      native: [33mfalse[39m
    },
    {
      column: [33m7[39m,
      file: [32m'node:_tls_wrap'[39m,
      function: [32m'TCP.done'[39m,
      line: [33m580[39m,
      method: [32m'done'[39m,
      native: [33mfalse[39m
    }
  ],
  stack: [
    [32m'MongoNetworkError: connection 2 to 18.233.46.9:27017 closed'[39m,
    [32m'    at Connection.onClose (/Users/derekschaadt/Documents/6.1040/a5-frontend/node_modules/mongodb/src/cmap/connection.ts:353:13)'[39m,
    [32m'    at TLSSocket.<anonymous> (/Users/derekschaadt/Documents/6.1040/a5-frontend/node_modules/mongodb/src/cmap/connection.ts:258:42)'[39m,
    [32m'    at TLSSocket.emit (node:events:390:28)'[39m,
    [32m'    at TLSSocket.emit (node:domain:475:12)'[39m,
    [32m'    at node:net:687:12'[39m,
    [32m'    at TCP.done (node:_tls_wrap:580:7)'[39m
  ]
}
[31merror[39m: [CreateMappingConfig] uncaughtException: Cannot read properties of null (reading 'toObject') 
{
  date: [32m'Fri Nov 04 2022 13:53:33 GMT-0400 (Eastern Daylight Time)'[39m,
  process: {
    pid: [33m84458[39m,
    uid: [33m501[39m,
    gid: [33m20[39m,
    cwd: [32m'/Users/derekschaadt/Documents/6.1040/a5-frontend'[39m,
    execPath: [32m'/usr/local/bin/node'[39m,
    version: [32m'v16.13.2'[39m,
    argv: [
      [32m'/Users/derekschaadt/Documents/6.1040/a5-frontend/node_modules/.bin/ts-node'[39m,
      [32m'/Users/derekschaadt/Documents/6.1040/a5-frontend/api/index.ts'[39m
    ],
    memoryUsage: {
      rss: [33m299843584[39m,
      heapTotal: [33m214163456[39m,
      heapUsed: [33m209914768[39m,
      external: [33m21806942[39m,
      arrayBuffers: [33m20303685[39m
    }
  },
  os: {
    loadavg: [ [33m2.41357421875[39m, [33m2.3291015625[39m, [33m2.5068359375[39m ],
    uptime: [33m1258699[39m
  },
  trace: [
    {
      column: [33m14[39m,
      file: [32m'/Users/derekschaadt/Documents/6.1040/a5-frontend/server/freet/util.ts'[39m,
      function: [32m'Object.constructFreetResponse'[39m,
      line: [33m33[39m,
      method: [32m'constructFreetResponse'[39m,
      native: [33mfalse[39m
    },
    {
      column: [33m27[39m,
      file: [32m'/Users/derekschaadt/Documents/6.1040/a5-frontend/server/freet/router.ts'[39m,
      function: [1mnull[22m,
      line: [33m70[39m,
      method: [1mnull[22m,
      native: [33mfalse[39m
    },
    {
      column: [1mnull[22m,
      file: [1mnull[22m,
      function: [32m'Generator.next'[39m,
      line: [1mnull[22m,
      method: [32m'next'[39m,
      native: [33mfalse[39m
    },
    {
      column: [33m58[39m,
      file: [32m'/Users/derekschaadt/Documents/6.1040/a5-frontend/server/freet/router.ts'[39m,
      function: [32m'fulfilled'[39m,
      line: [33m28[39m,
      method: [1mnull[22m,
      native: [33mfalse[39m
    },
    {
      column: [33m5[39m,
      file: [32m'node:internal/process/task_queues'[39m,
      function: [32m'processTicksAndRejections'[39m,
      line: [33m96[39m,
      method: [1mnull[22m,
      native: [33mfalse[39m
    }
  ],
  stack: [
    [32m"TypeError: Cannot read properties of null (reading 'toObject')"[39m,
    [32m'    at Object.constructFreetResponse (/Users/derekschaadt/Documents/6.1040/a5-frontend/server/freet/util.ts:33:14)'[39m,
    [32m'    at /Users/derekschaadt/Documents/6.1040/a5-frontend/server/freet/router.ts:70:27'[39m,
    [32m'    at Generator.next (<anonymous>)'[39m,
    [32m'    at fulfilled (/Users/derekschaadt/Documents/6.1040/a5-frontend/server/freet/router.ts:28:58)'[39m,
    [32m'    at processTicksAndRejections (node:internal/process/task_queues:96:5)'[39m
  ]
}
[31merror[39m: [Helper] uncaughtException: Cannot read properties of null (reading 'toObject') 
{
  date: [32m'Fri Nov 04 2022 13:53:33 GMT-0400 (Eastern Daylight Time)'[39m,
  process: {
    pid: [33m84458[39m,
    uid: [33m501[39m,
    gid: [33m20[39m,
    cwd: [32m'/Users/derekschaadt/Documents/6.1040/a5-frontend'[39m,
    execPath: [32m'/usr/local/bin/node'[39m,
    version: [32m'v16.13.2'[39m,
    argv: [
      [32m'/Users/derekschaadt/Documents/6.1040/a5-frontend/node_modules/.bin/ts-node'[39m,
      [32m'/Users/derekschaadt/Documents/6.1040/a5-frontend/api/index.ts'[39m
    ],
    memoryUsage: {
      rss: [33m299589632[39m,
      heapTotal: [33m214425600[39m,
      heapUsed: [33m209688440[39m,
      external: [33m21815119[39m,
      arrayBuffers: [33m20300874[39m
    }
  },
  os: {
    loadavg: [ [33m2.41357421875[39m, [33m2.3291015625[39m, [33m2.5068359375[39m ],
    uptime: [33m1258699[39m
  },
  trace: [
    {
      column: [33m14[39m,
      file: [32m'/Users/derekschaadt/Documents/6.1040/a5-frontend/server/freet/util.ts'[39m,
      function: [32m'Object.constructFreetResponse'[39m,
      line: [33m33[39m,
      method: [32m'constructFreetResponse'[39m,
      native: [33mfalse[39m
    },
    {
      column: [33m27[39m,
      file: [32m'/Users/derekschaadt/Documents/6.1040/a5-frontend/server/freet/router.ts'[39m,
      function: [1mnull[22m,
      line: [33m70[39m,
      method: [1mnull[22m,
      native: [33mfalse[39m
    },
    {
      column: [1mnull[22m,
      file: [1mnull[22m,
      function: [32m'Generator.next'[39m,
      line: [1mnull[22m,
      method: [32m'next'[39m,
      native: [33mfalse[39m
    },
    {
      column: [33m58[39m,
      file: [32m'/Users/derekschaadt/Documents/6.1040/a5-frontend/server/freet/router.ts'[39m,
      function: [32m'fulfilled'[39m,
      line: [33m28[39m,
      method: [1mnull[22m,
      native: [33mfalse[39m
    },
    {
      column: [33m5[39m,
      file: [32m'node:internal/process/task_queues'[39m,
      function: [32m'processTicksAndRejections'[39m,
      line: [33m96[39m,
      method: [1mnull[22m,
      native: [33mfalse[39m
    }
  ],
  stack: [
    [32m"TypeError: Cannot read properties of null (reading 'toObject')"[39m,
    [32m'    at Object.constructFreetResponse (/Users/derekschaadt/Documents/6.1040/a5-frontend/server/freet/util.ts:33:14)'[39m,
    [32m'    at /Users/derekschaadt/Documents/6.1040/a5-frontend/server/freet/router.ts:70:27'[39m,
    [32m'    at Generator.next (<anonymous>)'[39m,
    [32m'    at fulfilled (/Users/derekschaadt/Documents/6.1040/a5-frontend/server/freet/router.ts:28:58)'[39m,
    [32m'    at processTicksAndRejections (node:internal/process/task_queues:96:5)'[39m
  ]
}
[31merror[39m: [SbEvent] uncaughtException: Cannot read properties of null (reading 'toObject') 
{
  date: [32m'Fri Nov 04 2022 13:53:33 GMT-0400 (Eastern Daylight Time)'[39m,
  process: {
    pid: [33m84458[39m,
    uid: [33m501[39m,
    gid: [33m20[39m,
    cwd: [32m'/Users/derekschaadt/Documents/6.1040/a5-frontend'[39m,
    execPath: [32m'/usr/local/bin/node'[39m,
    version: [32m'v16.13.2'[39m,
    argv: [
      [32m'/Users/derekschaadt/Documents/6.1040/a5-frontend/node_modules/.bin/ts-node'[39m,
      [32m'/Users/derekschaadt/Documents/6.1040/a5-frontend/api/index.ts'[39m
    ],
    memoryUsage: {
      rss: [33m299683840[39m,
      heapTotal: [33m214425600[39m,
      heapUsed: [33m209760480[39m,
      external: [33m21815119[39m,
      arrayBuffers: [33m20300874[39m
    }
  },
  os: {
    loadavg: [ [33m2.41357421875[39m, [33m2.3291015625[39m, [33m2.5068359375[39m ],
    uptime: [33m1258699[39m
  },
  trace: [
    {
      column: [33m14[39m,
      file: [32m'/Users/derekschaadt/Documents/6.1040/a5-frontend/server/freet/util.ts'[39m,
      function: [32m'Object.constructFreetResponse'[39m,
      line: [33m33[39m,
      method: [32m'constructFreetResponse'[39m,
      native: [33mfalse[39m
    },
    {
      column: [33m27[39m,
      file: [32m'/Users/derekschaadt/Documents/6.1040/a5-frontend/server/freet/router.ts'[39m,
      function: [1mnull[22m,
      line: [33m70[39m,
      method: [1mnull[22m,
      native: [33mfalse[39m
    },
    {
      column: [1mnull[22m,
      file: [1mnull[22m,
      function: [32m'Generator.next'[39m,
      line: [1mnull[22m,
      method: [32m'next'[39m,
      native: [33mfalse[39m
    },
    {
      column: [33m58[39m,
      file: [32m'/Users/derekschaadt/Documents/6.1040/a5-frontend/server/freet/router.ts'[39m,
      function: [32m'fulfilled'[39m,
      line: [33m28[39m,
      method: [1mnull[22m,
      native: [33mfalse[39m
    },
    {
      column: [33m5[39m,
      file: [32m'node:internal/process/task_queues'[39m,
      function: [32m'processTicksAndRejections'[39m,
      line: [33m96[39m,
      method: [1mnull[22m,
      native: [33mfalse[39m
    }
  ],
  stack: [
    [32m"TypeError: Cannot read properties of null (reading 'toObject')"[39m,
    [32m'    at Object.constructFreetResponse (/Users/derekschaadt/Documents/6.1040/a5-frontend/server/freet/util.ts:33:14)'[39m,
    [32m'    at /Users/derekschaadt/Documents/6.1040/a5-frontend/server/freet/router.ts:70:27'[39m,
    [32m'    at Generator.next (<anonymous>)'[39m,
    [32m'    at fulfilled (/Users/derekschaadt/Documents/6.1040/a5-frontend/server/freet/router.ts:28:58)'[39m,
    [32m'    at processTicksAndRejections (node:internal/process/task_queues:96:5)'[39m
  ]
}
[31merror[39m: [ExitHandler] uncaughtException: Cannot read properties of null (reading 'toObject') 
{
  date: [32m'Fri Nov 04 2022 13:53:33 GMT-0400 (Eastern Daylight Time)'[39m,
  process: {
    pid: [33m84458[39m,
    uid: [33m501[39m,
    gid: [33m20[39m,
    cwd: [32m'/Users/derekschaadt/Documents/6.1040/a5-frontend'[39m,
    execPath: [32m'/usr/local/bin/node'[39m,
    version: [32m'v16.13.2'[39m,
    argv: [
      [32m'/Users/derekschaadt/Documents/6.1040/a5-frontend/node_modules/.bin/ts-node'[39m,
      [32m'/Users/derekschaadt/Documents/6.1040/a5-frontend/api/index.ts'[39m
    ],
    memoryUsage: {
      rss: [33m299794432[39m,
      heapTotal: [33m214425600[39m,
      heapUsed: [33m209832296[39m,
      external: [33m21815119[39m,
      arrayBuffers: [33m20300874[39m
    }
  },
  os: {
    loadavg: [ [33m2.41357421875[39m, [33m2.3291015625[39m, [33m2.5068359375[39m ],
    uptime: [33m1258699[39m
  },
  trace: [
    {
      column: [33m14[39m,
      file: [32m'/Users/derekschaadt/Documents/6.1040/a5-frontend/server/freet/util.ts'[39m,
      function: [32m'Object.constructFreetResponse'[39m,
      line: [33m33[39m,
      method: [32m'constructFreetResponse'[39m,
      native: [33mfalse[39m
    },
    {
      column: [33m27[39m,
      file: [32m'/Users/derekschaadt/Documents/6.1040/a5-frontend/server/freet/router.ts'[39m,
      function: [1mnull[22m,
      line: [33m70[39m,
      method: [1mnull[22m,
      native: [33mfalse[39m
    },
    {
      column: [1mnull[22m,
      file: [1mnull[22m,
      function: [32m'Generator.next'[39m,
      line: [1mnull[22m,
      method: [32m'next'[39m,
      native: [33mfalse[39m
    },
    {
      column: [33m58[39m,
      file: [32m'/Users/derekschaadt/Documents/6.1040/a5-frontend/server/freet/router.ts'[39m,
      function: [32m'fulfilled'[39m,
      line: [33m28[39m,
      method: [1mnull[22m,
      native: [33mfalse[39m
    },
    {
      column: [33m5[39m,
      file: [32m'node:internal/process/task_queues'[39m,
      function: [32m'processTicksAndRejections'[39m,
      line: [33m96[39m,
      method: [1mnull[22m,
      native: [33mfalse[39m
    }
  ],
  stack: [
    [32m"TypeError: Cannot read properties of null (reading 'toObject')"[39m,
    [32m'    at Object.constructFreetResponse (/Users/derekschaadt/Documents/6.1040/a5-frontend/server/freet/util.ts:33:14)'[39m,
    [32m'    at /Users/derekschaadt/Documents/6.1040/a5-frontend/server/freet/router.ts:70:27'[39m,
    [32m'    at Generator.next (<anonymous>)'[39m,
    [32m'    at fulfilled (/Users/derekschaadt/Documents/6.1040/a5-frontend/server/freet/router.ts:28:58)'[39m,
    [32m'    at processTicksAndRejections (node:internal/process/task_queues:96:5)'[39m
  ]
}
[31merror[39m: [CreateMappingConfig] uncaughtException: getaddrinfo ENOTFOUND ac-xfecezw-shard-00-01.7c5nhye.mongodb.net 
{
  date: [32m'Fri Nov 04 2022 18:07:44 GMT-0400 (Eastern Daylight Time)'[39m,
  process: {
    pid: [33m86250[39m,
    uid: [33m501[39m,
    gid: [33m20[39m,
    cwd: [32m'/Users/derekschaadt/Documents/6.1040/a5-frontend'[39m,
    execPath: [32m'/usr/local/bin/node'[39m,
    version: [32m'v16.13.2'[39m,
    argv: [
      [32m'/Users/derekschaadt/Documents/6.1040/a5-frontend/node_modules/.bin/ts-node'[39m,
      [32m'/Users/derekschaadt/Documents/6.1040/a5-frontend/api/index.ts'[39m
    ],
    memoryUsage: {
      rss: [33m58421248[39m,
      heapTotal: [33m220790784[39m,
      heapUsed: [33m210738584[39m,
      external: [33m21812815[39m,
      arrayBuffers: [33m20309558[39m
    }
  },
  os: {
    loadavg: [ [33m15.6796875[39m, [33m12.24658203125[39m, [33m10.837890625[39m ],
    uptime: [33m1273950[39m
  },
  trace: [
    {
      column: [33m30[39m,
      file: [32m'/Users/derekschaadt/Documents/6.1040/a5-frontend/node_modules/mongodb/src/sdam/topology.ts'[39m,
      function: [32m'Timeout._onTimeout'[39m,
      line: [33m570[39m,
      method: [32m'_onTimeout'[39m,
      native: [33mfalse[39m
    },
    {
      column: [33m17[39m,
      file: [32m'node:internal/timers'[39m,
      function: [32m'listOnTimeout'[39m,
      line: [33m557[39m,
      method: [1mnull[22m,
      native: [33mfalse[39m
    },
    {
      column: [33m7[39m,
      file: [32m'node:internal/timers'[39m,
      function: [32m'processTimers'[39m,
      line: [33m500[39m,
      method: [1mnull[22m,
      native: [33mfalse[39m
    }
  ],
  stack: [
    [32m'MongoServerSelectionError: getaddrinfo ENOTFOUND ac-xfecezw-shard-00-01.7c5nhye.mongodb.net'[39m,
    [32m'    at Timeout._onTimeout (/Users/derekschaadt/Documents/6.1040/a5-frontend/node_modules/mongodb/src/sdam/topology.ts:570:30)'[39m,
    [32m'    at listOnTimeout (node:internal/timers:557:17)'[39m,
    [32m'    at processTimers (node:internal/timers:500:7)'[39m
  ]
}
[31merror[39m: [Helper] uncaughtException: getaddrinfo ENOTFOUND ac-xfecezw-shard-00-01.7c5nhye.mongodb.net 
{
  date: [32m'Fri Nov 04 2022 18:07:44 GMT-0400 (Eastern Daylight Time)'[39m,
  process: {
    pid: [33m86250[39m,
    uid: [33m501[39m,
    gid: [33m20[39m,
    cwd: [32m'/Users/derekschaadt/Documents/6.1040/a5-frontend'[39m,
    execPath: [32m'/usr/local/bin/node'[39m,
    version: [32m'v16.13.2'[39m,
    argv: [
      [32m'/Users/derekschaadt/Documents/6.1040/a5-frontend/node_modules/.bin/ts-node'[39m,
      [32m'/Users/derekschaadt/Documents/6.1040/a5-frontend/api/index.ts'[39m
    ],
    memoryUsage: {
      rss: [33m59748352[39m,
      heapTotal: [33m221052928[39m,
      heapUsed: [33m211412384[39m,
      external: [33m21862677[39m,
      arrayBuffers: [33m20309582[39m
    }
  },
  os: {
    loadavg: [ [33m15.6796875[39m, [33m12.24658203125[39m, [33m10.837890625[39m ],
    uptime: [33m1273950[39m
  },
  trace: [
    {
      column: [33m30[39m,
      file: [32m'/Users/derekschaadt/Documents/6.1040/a5-frontend/node_modules/mongodb/src/sdam/topology.ts'[39m,
      function: [32m'Timeout._onTimeout'[39m,
      line: [33m570[39m,
      method: [32m'_onTimeout'[39m,
      native: [33mfalse[39m
    },
    {
      column: [33m17[39m,
      file: [32m'node:internal/timers'[39m,
      function: [32m'listOnTimeout'[39m,
      line: [33m557[39m,
      method: [1mnull[22m,
      native: [33mfalse[39m
    },
    {
      column: [33m7[39m,
      file: [32m'node:internal/timers'[39m,
      function: [32m'processTimers'[39m,
      line: [33m500[39m,
      method: [1mnull[22m,
      native: [33mfalse[39m
    }
  ],
  stack: [
    [32m'MongoServerSelectionError: getaddrinfo ENOTFOUND ac-xfecezw-shard-00-01.7c5nhye.mongodb.net'[39m,
    [32m'    at Timeout._onTimeout (/Users/derekschaadt/Documents/6.1040/a5-frontend/node_modules/mongodb/src/sdam/topology.ts:570:30)'[39m,
    [32m'    at listOnTimeout (node:internal/timers:557:17)'[39m,
    [32m'    at processTimers (node:internal/timers:500:7)'[39m
  ]
}
[31merror[39m: [SbEvent] uncaughtException: getaddrinfo ENOTFOUND ac-xfecezw-shard-00-01.7c5nhye.mongodb.net 
{
  date: [32m'Fri Nov 04 2022 18:07:44 GMT-0400 (Eastern Daylight Time)'[39m,
  process: {
    pid: [33m86250[39m,
    uid: [33m501[39m,
    gid: [33m20[39m,
    cwd: [32m'/Users/derekschaadt/Documents/6.1040/a5-frontend'[39m,
    execPath: [32m'/usr/local/bin/node'[39m,
    version: [32m'v16.13.2'[39m,
    argv: [
      [32m'/Users/derekschaadt/Documents/6.1040/a5-frontend/node_modules/.bin/ts-node'[39m,
      [32m'/Users/derekschaadt/Documents/6.1040/a5-frontend/api/index.ts'[39m
    ],
    memoryUsage: {
      rss: [33m59842560[39m,
      heapTotal: [33m221052928[39m,
      heapUsed: [33m211471112[39m,
      external: [33m21862677[39m,
      arrayBuffers: [33m20309582[39m
    }
  },
  os: {
    loadavg: [ [33m15.6796875[39m, [33m12.24658203125[39m, [33m10.837890625[39m ],
    uptime: [33m1273950[39m
  },
  trace: [
    {
      column: [33m30[39m,
      file: [32m'/Users/derekschaadt/Documents/6.1040/a5-frontend/node_modules/mongodb/src/sdam/topology.ts'[39m,
      function: [32m'Timeout._onTimeout'[39m,
      line: [33m570[39m,
      method: [32m'_onTimeout'[39m,
      native: [33mfalse[39m
    },
    {
      column: [33m17[39m,
      file: [32m'node:internal/timers'[39m,
      function: [32m'listOnTimeout'[39m,
      line: [33m557[39m,
      method: [1mnull[22m,
      native: [33mfalse[39m
    },
    {
      column: [33m7[39m,
      file: [32m'node:internal/timers'[39m,
      function: [32m'processTimers'[39m,
      line: [33m500[39m,
      method: [1mnull[22m,
      native: [33mfalse[39m
    }
  ],
  stack: [
    [32m'MongoServerSelectionError: getaddrinfo ENOTFOUND ac-xfecezw-shard-00-01.7c5nhye.mongodb.net'[39m,
    [32m'    at Timeout._onTimeout (/Users/derekschaadt/Documents/6.1040/a5-frontend/node_modules/mongodb/src/sdam/topology.ts:570:30)'[39m,
    [32m'    at listOnTimeout (node:internal/timers:557:17)'[39m,
    [32m'    at processTimers (node:internal/timers:500:7)'[39m
  ]
}
[31merror[39m: [ExitHandler] uncaughtException: getaddrinfo ENOTFOUND ac-xfecezw-shard-00-01.7c5nhye.mongodb.net 
{
  date: [32m'Fri Nov 04 2022 18:07:44 GMT-0400 (Eastern Daylight Time)'[39m,
  process: {
    pid: [33m86250[39m,
    uid: [33m501[39m,
    gid: [33m20[39m,
    cwd: [32m'/Users/derekschaadt/Documents/6.1040/a5-frontend'[39m,
    execPath: [32m'/usr/local/bin/node'[39m,
    version: [32m'v16.13.2'[39m,
    argv: [
      [32m'/Users/derekschaadt/Documents/6.1040/a5-frontend/node_modules/.bin/ts-node'[39m,
      [32m'/Users/derekschaadt/Documents/6.1040/a5-frontend/api/index.ts'[39m
    ],
    memoryUsage: {
      rss: [33m59916288[39m,
      heapTotal: [33m221052928[39m,
      heapUsed: [33m211529120[39m,
      external: [33m21862677[39m,
      arrayBuffers: [33m20309582[39m
    }
  },
  os: {
    loadavg: [ [33m15.6796875[39m, [33m12.24658203125[39m, [33m10.837890625[39m ],
    uptime: [33m1273950[39m
  },
  trace: [
    {
      column: [33m30[39m,
      file: [32m'/Users/derekschaadt/Documents/6.1040/a5-frontend/node_modules/mongodb/src/sdam/topology.ts'[39m,
      function: [32m'Timeout._onTimeout'[39m,
      line: [33m570[39m,
      method: [32m'_onTimeout'[39m,
      native: [33mfalse[39m
    },
    {
      column: [33m17[39m,
      file: [32m'node:internal/timers'[39m,
      function: [32m'listOnTimeout'[39m,
      line: [33m557[39m,
      method: [1mnull[22m,
      native: [33mfalse[39m
    },
    {
      column: [33m7[39m,
      file: [32m'node:internal/timers'[39m,
      function: [32m'processTimers'[39m,
      line: [33m500[39m,
      method: [1mnull[22m,
      native: [33mfalse[39m
    }
  ],
  stack: [
    [32m'MongoServerSelectionError: getaddrinfo ENOTFOUND ac-xfecezw-shard-00-01.7c5nhye.mongodb.net'[39m,
    [32m'    at Timeout._onTimeout (/Users/derekschaadt/Documents/6.1040/a5-frontend/node_modules/mongodb/src/sdam/topology.ts:570:30)'[39m,
    [32m'    at listOnTimeout (node:internal/timers:557:17)'[39m,
    [32m'    at processTimers (node:internal/timers:500:7)'[39m
  ]
}
